[debug] [2021-05-18T05:52:18.399Z] ----------------------------------------------------------------------
[debug] [2021-05-18T05:52:18.401Z] Command:       C:\Program Files\nodejs\node.exe C:\Users\lenov\AppData\Roaming\npm\node_modules\firebase-tools\lib\bin\firebase.js init
[debug] [2021-05-18T05:52:18.401Z] CLI Version:   9.11.0
[debug] [2021-05-18T05:52:18.401Z] Platform:      win32
[debug] [2021-05-18T05:52:18.401Z] Node Version:  v14.16.0
[debug] [2021-05-18T05:52:18.402Z] Time:          Tue May 18 2021 00:52:18 GMT-0500 (hora estándar de Colombia)
[debug] [2021-05-18T05:52:18.402Z] ----------------------------------------------------------------------
[debug] 
[debug] [2021-05-18T05:52:18.410Z] > command requires scopes: ["email","openid","https://www.googleapis.com/auth/cloudplatformprojects.readonly","https://www.googleapis.com/auth/firebase","https://www.googleapis.com/auth/cloud-platform"]
[debug] [2021-05-18T05:52:18.410Z] > authorizing via signed-in user (dafelor.10@gmail.com)
[info] 
     ######## #### ########  ######## ########     ###     ######  ########
     ##        ##  ##     ## ##       ##     ##  ##   ##  ##       ##
     ######    ##  ########  ######   ########  #########  ######  ######
     ##        ##  ##    ##  ##       ##     ## ##     ##       ## ##
     ##       #### ##     ## ######## ########  ##     ##  ######  ########

You're about to initialize a Firebase project in this directory:

  D:\Documentos\DesarrolloWeb\React.Js\flags-react-project

[info] 
=== Project Setup
[info] 
[info] First, let's associate this project directory with a Firebase project.
[info] You can create multiple project aliases by running firebase use --add, 
[info] but for now we'll just set up a default project.
[info] 
[debug] [2021-05-18T05:53:26.549Z] > refreshing access token with scopes: []
[debug] [2021-05-18T05:53:26.549Z] >>> HTTP REQUEST POST https://www.googleapis.com/oauth2/v3/token  
 <request body omitted>
[debug] [2021-05-18T05:53:26.828Z] <<< HTTP RESPONSE 200 {"expires":"Mon, 01 Jan 1990 00:00:00 GMT","cache-control":"no-cache, no-store, max-age=0, must-revalidate","date":"Tue, 18 May 2021 05:53:26 GMT","pragma":"no-cache","content-type":"application/json; charset=utf-8","vary":"X-Origin, Referer, Origin,Accept-Encoding","server":"scaffolding on HTTPServer2","x-xss-protection":"0","x-frame-options":"SAMEORIGIN","x-content-type-options":"nosniff","alt-svc":"h3-29=\":443\"; ma=2592000,h3-T051=\":443\"; ma=2592000,h3-Q050=\":443\"; ma=2592000,h3-Q046=\":443\"; ma=2592000,h3-Q043=\":443\"; ma=2592000,quic=\":443\"; ma=2592000; v=\"46,43\"","accept-ranges":"none","transfer-encoding":"chunked"}
[debug] [2021-05-18T05:53:26.936Z] >>> [apiv2][query] GET https://firebase.googleapis.com/v1beta1/projects pageSize=100
[debug] [2021-05-18T05:53:27.267Z] <<< [apiv2][status] GET https://firebase.googleapis.com/v1beta1/projects 200
[debug] [2021-05-18T05:53:27.268Z] <<< [apiv2][body] GET https://firebase.googleapis.com/v1beta1/projects [omitted]
[info] i  Using project countryhubapp (CountryHubApp) 
[info] 
=== Hosting Setup
[info] 
[info] Your public directory is the folder (relative to your project directory) that
[info] will contain Hosting assets to be uploaded with firebase deploy. If you
[info] have a build process for your assets, use your build's output directory.
[info] 
[debug] [2021-05-18T05:56:13.583Z] >>> [apiv2][query] GET https://www.gstatic.com/firebasejs/releases.json [none]
[debug] [2021-05-18T05:56:13.788Z] <<< [apiv2][status] GET https://www.gstatic.com/firebasejs/releases.json 200
[debug] [2021-05-18T05:56:13.789Z] <<< [apiv2][body] GET https://www.gstatic.com/firebasejs/releases.json {"current":{"version":"8.6.1","browserURL":"https://www.gstatic.com/firebasejs/8.6.1/firebase.js","packageURL":"https://www.gstatic.com/firebasejs/8.6.1/firebase.tgz"},"live":{"version":"8.6","browserURL":"https://www.gstatic.com/firebasejs/live/8.6/firebase.js","packageURL":"https://www.gstatic.com/firebasejs/live/8.6/firebase.tgz"},"components":{"analytics":"https://www.gstatic.com/firebasejs/8.6.1/firebase-analytics.js","app":"https://www.gstatic.com/firebasejs/8.6.1/firebase-app.js","app-check":"https://www.gstatic.com/firebasejs/8.6.1/firebase-app-check.js","auth":"https://www.gstatic.com/firebasejs/8.6.1/firebase-auth.js","database":"https://www.gstatic.com/firebasejs/8.6.1/firebase-database.js","firestore":"https://www.gstatic.com/firebasejs/8.6.1/firebase-firestore.js","functions":"https://www.gstatic.com/firebasejs/8.6.1/firebase-functions.js","installations":"https://www.gstatic.com/firebasejs/8.6.1/firebase-installations.js","messaging":"https://www.gstatic.com/firebasejs/8.6.1/firebase-messaging.js","storage":"https://www.gstatic.com/firebasejs/8.6.1/firebase-storage.js","performance":"https://www.gstatic.com/firebasejs/8.6.1/firebase-performance.js","remote-config":"https://www.gstatic.com/firebasejs/8.6.1/firebase-remote-config.js","firestore.memory":"https://www.gstatic.com/firebasejs/8.6.1/firebase-firestore.memory.js"}}
[info] +  Wrote production/index.html 
[info] 
[info] i  Detected a .git folder at D:\Documentos\DesarrolloWeb\React.Js\flags-react-project 
[info] i  Authorizing with GitHub to upload your service account to a GitHub repository's secrets store. 
[info] 
[info] Visit this URL on this device to log in:
[info] https://github.com/login/oauth/authorize?client_id=89cf50f02ac6aaed3484&state=315415449&redirect_uri=http%3A%2F%2Flocalhost%3A9005&scope=read%3Auser%20repo%20public_repo
[info] 
[info] Waiting for authentication...
[debug] [2021-05-18T05:56:14.604Z] >>> HTTP REQUEST POST https://github.com/login/oauth/access_token  
 {"client_id":"89cf50f02ac6aaed3484","client_secret":"3330d14abc895d9a74d5f17cd7a00711fa2c5bf0","code":"a2c7c756f6b4301d3414","redirect_uri":"http://localhost:9005","state":"315415449"}
[debug] [2021-05-18T05:56:14.992Z] <<< HTTP RESPONSE 200 {"server":"GitHub.com","date":"Tue, 18 May 2021 05:56:15 GMT","content-type":"application/json; charset=utf-8","transfer-encoding":"chunked","vary":"X-PJAX, Accept-Encoding, Accept, X-Requested-With","permissions-policy":"interest-cohort=()","etag":"W/\"79aeadb9f8e8b10cd0d025877095df6b\"","cache-control":"max-age=0, private, must-revalidate","strict-transport-security":"max-age=31536000; includeSubdomains; preload","x-frame-options":"deny","x-content-type-options":"nosniff","x-xss-protection":"0","referrer-policy":"origin-when-cross-origin, strict-origin-when-cross-origin","expect-ct":"max-age=2592000, report-uri=\"https://api.github.com/_private/browser/errors\"","content-security-policy":"default-src 'none'; base-uri 'self'; block-all-mixed-content; connect-src 'self' uploads.github.com www.githubstatus.com collector.githubapp.com api.github.com github-cloud.s3.amazonaws.com github-production-repository-file-5c1aeb.s3.amazonaws.com github-production-upload-manifest-file-7fdce7.s3.amazonaws.com github-production-user-asset-6210df.s3.amazonaws.com cdn.optimizely.com logx.optimizely.com/v1/events wss://alive.github.com; font-src github.githubassets.com; form-action 'self' github.com gist.github.com; frame-ancestors 'none'; frame-src render.githubusercontent.com; img-src 'self' data: github.githubassets.com identicons.github.com collector.githubapp.com github-cloud.s3.amazonaws.com secured-user-images.githubusercontent.com/ *.githubusercontent.com; manifest-src 'self'; media-src 'none'; script-src github.githubassets.com; style-src 'unsafe-inline' github.githubassets.com; worker-src github.com/socket-worker-3f088aa2.js gist.github.com/socket-worker-3f088aa2.js","x-github-request-id":"FAAC:4B61:A69472:15064B6:60A356FE"}
[debug] [2021-05-18T05:56:15.002Z] >>> [apiv2][query] GET https://api.github.com/user [none]
[debug] [2021-05-18T05:56:15.502Z] <<< [apiv2][status] GET https://api.github.com/user 200
[debug] [2021-05-18T05:56:15.502Z] <<< [apiv2][body] GET https://api.github.com/user {"login":"dflr10","id":67969956,"node_id":"MDQ6VXNlcjY3OTY5OTU2","avatar_url":"https://avatars.githubusercontent.com/u/67969956?v=4","gravatar_id":"","url":"https://api.github.com/users/dflr10","html_url":"https://github.com/dflr10","followers_url":"https://api.github.com/users/dflr10/followers","following_url":"https://api.github.com/users/dflr10/following{/other_user}","gists_url":"https://api.github.com/users/dflr10/gists{/gist_id}","starred_url":"https://api.github.com/users/dflr10/starred{/owner}{/repo}","subscriptions_url":"https://api.github.com/users/dflr10/subscriptions","organizations_url":"https://api.github.com/users/dflr10/orgs","repos_url":"https://api.github.com/users/dflr10/repos","events_url":"https://api.github.com/users/dflr10/events{/privacy}","received_events_url":"https://api.github.com/users/dflr10/received_events","type":"User","site_admin":false,"name":"Daniel Felipe Lozada Ramirez","company":null,"blog":"https://www.linkedin.com/in/daniel-felipe-lozada-ramirez-28b239115/","location":"Medellín","email":null,"hireable":null,"bio":"Software Developer.","twitter_username":"dflr10","public_repos":16,"public_gists":0,"followers":5,"following":21,"created_at":"2020-07-07T16:05:06Z","updated_at":"2021-05-08T15:06:36Z","private_gists":0,"total_private_repos":0,"owned_private_repos":0,"disk_usage":35804,"collaborators":0,"two_factor_authentication":false,"plan":{"name":"pro","space":976562499,"collaborators":0,"private_repos":9999}}
[info] 
[info] +  Success! Logged into GitHub as dflr10 
[info] 
